{
  "RSpec": {
    "coverage": {
      "/Users/roman_kugot/study_ruby/rr30-api/config/environment.rb": [
        null,
        1,
        null,
        null,
        1
      ],
      "/Users/roman_kugot/study_ruby/rr30-api/config/application.rb": [
        1,
        null,
        1,
        null,
        1,
        1,
        1,
        1,
        1,
        1,
        1,
        null,
        null,
        null,
        null,
        null,
        1,
        null,
        1,
        1,
        null,
        1,
        null,
        null,
        null,
        null,
        null,
        null,
        null,
        null,
        1,
        null,
        null
      ],
      "/Users/roman_kugot/study_ruby/rr30-api/config/boot.rb": [
        1,
        null,
        1
      ],
      "/Users/roman_kugot/study_ruby/rr30-api/config/environments/test.rb": [
        1,
        null,
        null,
        null,
        null,
        null,
        null,
        1,
        null,
        null,
        null,
        null,
        1,
        null,
        null,
        1,
        1,
        null,
        null,
        null,
        null,
        1,
        1,
        null,
        null,
        1,
        null,
        null,
        1,
        1,
        null,
        null,
        null,
        null,
        1,
        null,
        null,
        1,
        null,
        null,
        null,
        null
      ],
      "/Users/roman_kugot/study_ruby/rr30-api/config/initializers/application_controller_renderer.rb": [
        null,
        null,
        null,
        null,
        null,
        null,
        null,
        null
      ],
      "/Users/roman_kugot/study_ruby/rr30-api/config/initializers/backtrace_silencers.rb": [
        null,
        null,
        null,
        null,
        null,
        null,
        null
      ],
      "/Users/roman_kugot/study_ruby/rr30-api/config/initializers/cors.rb": [
        null,
        null,
        null,
        null,
        null,
        null,
        null,
        null,
        null,
        null,
        null,
        null,
        null,
        null,
        null,
        null
      ],
      "/Users/roman_kugot/study_ruby/rr30-api/config/initializers/filter_parameter_logging.rb": [
        null,
        null,
        null,
        1
      ],
      "/Users/roman_kugot/study_ruby/rr30-api/config/initializers/inflections.rb": [
        null,
        null,
        null,
        null,
        null,
        null,
        null,
        null,
        null,
        null,
        null,
        null,
        null,
        null,
        null,
        null
      ],
      "/Users/roman_kugot/study_ruby/rr30-api/config/initializers/mime_types.rb": [
        null,
        null,
        null,
        null
      ],
      "/Users/roman_kugot/study_ruby/rr30-api/config/initializers/wrap_parameters.rb": [
        null,
        null,
        null,
        null,
        null,
        null,
        1,
        1,
        null,
        null,
        null,
        null,
        null,
        null
      ],
      "/Users/roman_kugot/study_ruby/rr30-api/spec/factories/course_result.rb": [
        1,
        1,
        13,
        13,
        13,
        5,
        null,
        1,
        5,
        null,
        null,
        1,
        5,
        null,
        null,
        null
      ],
      "/Users/roman_kugot/study_ruby/rr30-api/spec/factories/source_providers.rb": [
        1,
        1,
        13,
        13,
        13,
        9,
        null,
        1,
        5,
        null,
        null,
        null
      ],
      "/Users/roman_kugot/study_ruby/rr30-api/config/routes.rb": [
        1,
        1,
        1,
        1,
        null
      ],
      "/Users/roman_kugot/study_ruby/rr30-api/app/resources/source_provider_resource.rb": [
        1,
        1,
        null,
        1,
        null
      ],
      "/Users/roman_kugot/study_ruby/rr30-api/app/models/source_provider.rb": [
        1,
        1,
        1,
        1,
        null
      ],
      "/Users/roman_kugot/study_ruby/rr30-api/app/models/application_record.rb": [
        1,
        1,
        null
      ],
      "/Users/roman_kugot/study_ruby/rr30-api/spec/requests/course_results_spec.rb": [
        1,
        null,
        1,
        5,
        5,
        5,
        1,
        1,
        2,
        null,
        1,
        1,
        1,
        null,
        null,
        1,
        1,
        1,
        null,
        null,
        null,
        null,
        1,
        1,
        2,
        null,
        1,
        1,
        1,
        null,
        null,
        1,
        1,
        null,
        null,
        null
      ],
      "/Users/roman_kugot/study_ruby/rr30-api/spec/requests/source_providers_spec.rb": [
        1,
        null,
        1,
        5,
        5,
        5,
        1,
        1,
        2,
        null,
        1,
        1,
        1,
        null,
        null,
        1,
        1,
        1,
        null,
        null,
        null,
        1,
        1,
        2,
        null,
        1,
        1,
        1,
        null,
        null,
        1,
        1,
        1,
        null,
        null,
        null
      ],
      "/Users/roman_kugot/study_ruby/rr30-api/app/models/course_result.rb": [
        1,
        null
      ],
      "/Users/roman_kugot/study_ruby/rr30-api/app/controllers/course_results_controller.rb": [
        1,
        1,
        null,
        1,
        2,
        4,
        2,
        null,
        null,
        1,
        2,
        8,
        2,
        null,
        null,
        1,
        null,
        1,
        4,
        null,
        null
      ],
      "/Users/roman_kugot/study_ruby/rr30-api/app/resources/course_result_resource.rb": [
        1,
        1,
        null
      ],
      "/Users/roman_kugot/study_ruby/rr30-api/app/controllers/source_providers_controller.rb": [
        1,
        1,
        2,
        null,
        null,
        null,
        null,
        null,
        null,
        null,
        null,
        null
      ]
    },
    "timestamp": 1556977544
  }
}
