{
  "RSpec": {
    "coverage": {
      "/Users/roman_kugot/study_ruby/rails-api-training/gateway-api/config/environment.rb": [
        null,
        1,
        null,
        null,
        1
      ],
      "/Users/roman_kugot/study_ruby/rails-api-training/gateway-api/config/application.rb": [
        1,
        null,
        1,
        null,
        1,
        1,
        1,
        1,
        1,
        1,
        1,
        null,
        null,
        null,
        null,
        null,
        1,
        null,
        1,
        1,
        null,
        1,
        null,
        null,
        null,
        null,
        null,
        null,
        null,
        null,
        1,
        1,
        1,
        null,
        null
      ],
      "/Users/roman_kugot/study_ruby/rails-api-training/gateway-api/config/boot.rb": [
        1,
        null,
        1
      ],
      "/Users/roman_kugot/study_ruby/rails-api-training/gateway-api/config/environments/test.rb": [
        1,
        null,
        null,
        null,
        null,
        null,
        null,
        1,
        null,
        null,
        null,
        null,
        1,
        null,
        null,
        1,
        1,
        null,
        null,
        null,
        null,
        1,
        1,
        null,
        null,
        1,
        null,
        null,
        1,
        1,
        null,
        null,
        null,
        null,
        1,
        null,
        null,
        1,
        null,
        null,
        null,
        null
      ],
      "/Users/roman_kugot/study_ruby/rails-api-training/gateway-api/config/initializers/application_controller_renderer.rb": [
        null,
        null,
        null,
        null,
        null,
        null,
        null,
        null
      ],
      "/Users/roman_kugot/study_ruby/rails-api-training/gateway-api/config/initializers/backtrace_silencers.rb": [
        null,
        null,
        null,
        null,
        null,
        null,
        null
      ],
      "/Users/roman_kugot/study_ruby/rails-api-training/gateway-api/config/initializers/cors.rb": [
        null,
        null,
        null,
        null,
        null,
        null,
        null,
        null,
        null,
        null,
        null,
        null,
        null,
        null,
        null,
        null
      ],
      "/Users/roman_kugot/study_ruby/rails-api-training/gateway-api/config/initializers/filter_parameter_logging.rb": [
        null,
        null,
        null,
        1
      ],
      "/Users/roman_kugot/study_ruby/rails-api-training/gateway-api/config/initializers/inflections.rb": [
        null,
        null,
        null,
        null,
        null,
        null,
        null,
        null,
        null,
        null,
        null,
        null,
        null,
        null,
        null,
        null
      ],
      "/Users/roman_kugot/study_ruby/rails-api-training/gateway-api/config/initializers/mime_types.rb": [
        null,
        null,
        null,
        null
      ],
      "/Users/roman_kugot/study_ruby/rails-api-training/gateway-api/config/initializers/wrap_parameters.rb": [
        null,
        null,
        null,
        null,
        null,
        null,
        1,
        1,
        null,
        null,
        null,
        null,
        null,
        null
      ],
      "/Users/roman_kugot/study_ruby/rails-api-training/gateway-api/config/routes.rb": [
        1,
        null,
        1,
        1,
        1,
        1,
        1,
        null,
        null
      ],
      "/Users/roman_kugot/study_ruby/rails-api-training/gateway-api/app/controllers/api/course_results_controller.rb": [
        1,
        1,
        1,
        1,
        null,
        null,
        1,
        1,
        null,
        null,
        null
      ],
      "/Users/roman_kugot/study_ruby/rails-api-training/gateway-api/app/controllers/api/base_controller.rb": [
        1,
        1,
        1,
        null,
        1,
        2,
        2,
        null,
        null,
        null
      ],
      "/Users/roman_kugot/study_ruby/rails-api-training/gateway-api/app/controllers/application_controller.rb": [
        1,
        null
      ],
      "/Users/roman_kugot/study_ruby/rails-api-training/gateway-api/spec/controllers/api/source_providers_controller_spec.rb": [
        1,
        null,
        1,
        1,
        1,
        1,
        1,
        1,
        null,
        null,
        null,
        1,
        1,
        3,
        null,
        null,
        3,
        null,
        null,
        3,
        null,
        null,
        3,
        null,
        null,
        null,
        1,
        1,
        1,
        1,
        1,
        1,
        null,
        null,
        1,
        1,
        1,
        1,
        1,
        null,
        null,
        1,
        1,
        1,
        null,
        null,
        null
      ],
      "/Users/roman_kugot/study_ruby/rails-api-training/gateway-api/app/controllers/api/source_providers_controller.rb": [
        1,
        1,
        1,
        1,
        null,
        null,
        1,
        2,
        2,
        1,
        null,
        1,
        null,
        null,
        null,
        null
      ],
      "/Users/roman_kugot/study_ruby/rails-api-training/gateway-api/spec/controllers/users_controller_spec.rb": [
        1,
        null,
        1,
        2,
        1,
        1,
        null,
        2,
        null,
        2,
        null,
        null,
        1,
        1,
        null,
        null,
        1,
        1,
        null,
        null,
        null,
        1,
        1,
        2,
        2,
        null,
        null,
        1,
        1,
        null,
        null,
        1,
        1,
        null,
        null,
        null
      ],
      "/Users/roman_kugot/study_ruby/rails-api-training/gateway-api/app/controllers/users_controller.rb": [
        1,
        1,
        4,
        4,
        4,
        4,
        2,
        2,
        null,
        2,
        2,
        null,
        null,
        null
      ],
      "/Users/roman_kugot/study_ruby/rails-api-training/gateway-api/app/models/my_api.rb": [
        1,
        null,
        1,
        null,
        1,
        null,
        null,
        1,
        1,
        null,
        null,
        1,
        1,
        8,
        null,
        null,
        null,
        1,
        1,
        2,
        null,
        null,
        null,
        1,
        1,
        3,
        null,
        null,
        null
      ]
    },
    "timestamp": 1556977655
  }
}
