{
  "RSpec": {
    "coverage": {
      "/Users/roman_kugot/study_ruby/rr20-api/config/environment.rb": [
        null,
        1,
        null,
        null,
        1
      ],
      "/Users/roman_kugot/study_ruby/rr20-api/config/application.rb": [
        1,
        null,
        1,
        null,
        1,
        1,
        1,
        1,
        1,
        1,
        1,
        null,
        null,
        null,
        null,
        null,
        1,
        null,
        1,
        1,
        null,
        1,
        null,
        null,
        null,
        null,
        null,
        null,
        null,
        null,
        1,
        null,
        null
      ],
      "/Users/roman_kugot/study_ruby/rr20-api/config/boot.rb": [
        1,
        null,
        1
      ],
      "/Users/roman_kugot/study_ruby/rr20-api/config/environments/test.rb": [
        1,
        null,
        null,
        null,
        null,
        null,
        null,
        1,
        null,
        null,
        null,
        null,
        1,
        null,
        null,
        1,
        1,
        null,
        null,
        null,
        null,
        1,
        1,
        null,
        null,
        1,
        null,
        null,
        1,
        1,
        null,
        null,
        null,
        null,
        1,
        null,
        null,
        1,
        null,
        null,
        null,
        null
      ],
      "/Users/roman_kugot/study_ruby/rr20-api/config/initializers/application_controller_renderer.rb": [
        null,
        null,
        null,
        null,
        null,
        null
      ],
      "/Users/roman_kugot/study_ruby/rr20-api/config/initializers/backtrace_silencers.rb": [
        null,
        null,
        null,
        null,
        null,
        null,
        null
      ],
      "/Users/roman_kugot/study_ruby/rr20-api/config/initializers/cors.rb": [
        null,
        null,
        null,
        null,
        null,
        null,
        null,
        null,
        null,
        null,
        null,
        null,
        null,
        null,
        null,
        null
      ],
      "/Users/roman_kugot/study_ruby/rr20-api/config/initializers/filter_parameter_logging.rb": [
        null,
        null,
        null,
        1
      ],
      "/Users/roman_kugot/study_ruby/rr20-api/config/initializers/inflections.rb": [
        null,
        null,
        null,
        null,
        null,
        null,
        null,
        null,
        null,
        null,
        null,
        null,
        null,
        null,
        null,
        null
      ],
      "/Users/roman_kugot/study_ruby/rr20-api/config/initializers/mime_types.rb": [
        null,
        null,
        null,
        null
      ],
      "/Users/roman_kugot/study_ruby/rr20-api/config/initializers/wrap_parameters.rb": [
        null,
        null,
        null,
        null,
        null,
        null,
        1,
        1,
        null,
        null,
        null,
        null,
        null,
        null
      ],
      "/Users/roman_kugot/study_ruby/rr20-api/spec/factories/users.rb": [
        1,
        1,
        31,
        31,
        31,
        31,
        null,
        null
      ],
      "/Users/roman_kugot/study_ruby/rr20-api/config/routes.rb": [
        1,
        null,
        1,
        null,
        1,
        1,
        1,
        1,
        null
      ],
      "/Users/roman_kugot/study_ruby/rr20-api/app/resources/source_provider_resource.rb": [
        1,
        1,
        null,
        1,
        null
      ],
      "/Users/roman_kugot/study_ruby/rr20-api/app/resources/user_resource.rb": [
        1,
        1,
        null,
        1,
        null
      ],
      "/Users/roman_kugot/study_ruby/rr20-api/app/models/user.rb": [
        1,
        1,
        1,
        1,
        null,
        45,
        1,
        null,
        1,
        1,
        null,
        null,
        1,
        null,
        1,
        1,
        1,
        null,
        null,
        1,
        35,
        null,
        null,
        1,
        35,
        35,
        null,
        null,
        1,
        35,
        null,
        null
      ],
      "/Users/roman_kugot/study_ruby/rr20-api/app/models/application_record.rb": [
        1,
        1,
        null
      ],
      "/Users/roman_kugot/study_ruby/rr20-api/spec/requests/users_spec.rb": [
        1,
        null,
        1,
        5,
        5,
        5,
        1,
        1,
        2,
        null,
        1,
        1,
        1,
        null,
        null,
        1,
        1,
        null,
        null,
        null,
        1,
        1,
        2,
        null,
        null,
        1,
        1,
        1,
        null,
        null,
        1,
        1,
        1,
        1,
        1,
        null,
        null,
        null
      ],
      "/Users/roman_kugot/study_ruby/rr20-api/app/controllers/users_controller.rb": [
        1,
        null,
        null,
        null,
        null,
        null,
        null,
        null,
        null,
        null,
        null
      ]
    },
    "timestamp": 1556977550
  }
}
